Flow report for calculator
Tue May 31 14:18:35 2016
Quartus II Version 9.1 Build 350 03/24/2010 Service Pack 2 SJ Web Edition


---------------------
; Table of Contents ;
---------------------
  1. Legal Notice
  2. Flow Summary
  3. Flow Settings
  4. Flow Non-Default Global Settings
  5. Flow Elapsed Time
  6. Flow OS Summary
  7. Flow Log



----------------
; Legal Notice ;
----------------
Copyright (C) 1991-2010 Altera Corporation
Your use of Altera Corporation's design tools, logic functions 
and other software and tools, and its AMPP partner logic 
functions, and any output files from any of the foregoing 
(including device programming or simulation files), and any 
associated documentation or information are expressly subject 
to the terms and conditions of the Altera Program License 
Subscription Agreement, Altera MegaCore Function License 
Agreement, or other applicable license agreement, including, 
without limitation, that your use is for the sole purpose of 
programming logic devices manufactured by Altera and sold by 
Altera or its authorized distributors.  Please refer to the 
applicable agreement for further details.



+-----------------------------------------------------------------------------------+
; Flow Summary                                                                      ;
+------------------------------------+----------------------------------------------+
; Flow Status                        ; Successful - Tue May 31 14:18:35 2016        ;
; Quartus II Version                 ; 9.1 Build 350 03/24/2010 SP 2 SJ Web Edition ;
; Revision Name                      ; calculator                                   ;
; Top-level Entity Name              ; Fsmanddatapath                               ;
; Family                             ; Cyclone III                                  ;
; Device                             ; EP3C16F484C6                                 ;
; Timing Models                      ; Final                                        ;
; Met timing requirements            ; N/A                                          ;
; Total logic elements               ; 105 / 15,408 ( < 1 % )                       ;
;     Total combinational functions  ; 105 / 15,408 ( < 1 % )                       ;
;     Dedicated logic registers      ; 13 / 15,408 ( < 1 % )                        ;
; Total registers                    ; 13                                           ;
; Total pins                         ; 19 / 347 ( 5 % )                             ;
; Total virtual pins                 ; 0                                            ;
; Total memory bits                  ; 0 / 516,096 ( 0 % )                          ;
; Embedded Multiplier 9-bit elements ; 0 / 112 ( 0 % )                              ;
; Total PLLs                         ; 0 / 4 ( 0 % )                                ;
+------------------------------------+----------------------------------------------+


+-----------------------------------------+
; Flow Settings                           ;
+-------------------+---------------------+
; Option            ; Setting             ;
+-------------------+---------------------+
; Start date & time ; 05/31/2016 14:18:21 ;
; Main task         ; Compilation         ;
; Revision Name     ; calculator          ;
+-------------------+---------------------+


+-----------------------------------------------------------------------------------------------------------------------------------------------------------------+
; Flow Non-Default Global Settings                                                                                                                                ;
+--------------------------------------+------------------------------------------------------------------------+---------------+----------------+----------------+
; Assignment Name                      ; Value                                                                  ; Default Value ; Entity Name    ; Section Id     ;
+--------------------------------------+------------------------------------------------------------------------+---------------+----------------+----------------+
; COMPILER_SIGNATURE_ID                ; 92587416424043.146469350110604                                         ; --            ; --             ; --             ;
; EDA_DESIGN_INSTANCE_NAME             ; s                                                                      ; --            ; --             ; bench1         ;
; EDA_NATIVELINK_SIMULATION_TEST_BENCH ; bench1                                                                 ; --            ; --             ; eda_simulation ;
; EDA_OUTPUT_DATA_FORMAT               ; Verilog Hdl                                                            ; --            ; --             ; eda_simulation ;
; EDA_SIMULATION_TOOL                  ; ModelSim-Altera (Verilog)                                              ; <None>        ; --             ; --             ;
; EDA_TEST_BENCH_ENABLE_STATUS         ; TEST_BENCH_MODE                                                        ; --            ; --             ; eda_simulation ;
; EDA_TEST_BENCH_FILE                  ; TestBench.vhd                                                          ; --            ; --             ; bench1         ;
; EDA_TEST_BENCH_MODULE_NAME           ; TestBench                                                              ; --            ; --             ; bench1         ;
; EDA_TEST_BENCH_NAME                  ; bench1                                                                 ; --            ; --             ; eda_simulation ;
; EDA_TIME_SCALE                       ; 1 ps                                                                   ; --            ; --             ; eda_simulation ;
; MAX_CORE_JUNCTION_TEMP               ; 85                                                                     ; --            ; --             ; --             ;
; MIN_CORE_JUNCTION_TEMP               ; 0                                                                      ; --            ; --             ; --             ;
; MISC_FILE                            ; C:/Users/AliPC/Desktop/CNG 232/Lab/New folder/lab final/calculator.dpf ; --            ; --             ; --             ;
; NOMINAL_CORE_SUPPLY_VOLTAGE          ; 1.2V                                                                   ; --            ; --             ; --             ;
; PARTITION_COLOR                      ; 16764057                                                               ; --            ; Fsmanddatapath ; Top            ;
; PARTITION_NETLIST_TYPE               ; SOURCE                                                                 ; --            ; Fsmanddatapath ; Top            ;
; TOP_LEVEL_ENTITY                     ; Fsmanddatapath                                                         ; calculator    ; --             ; --             ;
; USE_GENERATED_PHYSICAL_CONSTRAINTS   ; Off                                                                    ; --            ; --             ; eda_blast_fpga ;
+--------------------------------------+------------------------------------------------------------------------+---------------+----------------+----------------+


+-------------------------------------------------------------------------------------------------------------------------------+
; Flow Elapsed Time                                                                                                             ;
+---------------------------+--------------+-------------------------+---------------------+------------------------------------+
; Module Name               ; Elapsed Time ; Average Processors Used ; Peak Virtual Memory ; Total CPU Time (on all processors) ;
+---------------------------+--------------+-------------------------+---------------------+------------------------------------+
; Analysis & Synthesis      ; 00:00:03     ; 1.0                     ; 242 MB              ; 00:00:02                           ;
; Fitter                    ; 00:00:04     ; 1.0                     ; 276 MB              ; 00:00:04                           ;
; TimeQuest Timing Analyzer ; 00:00:03     ; 1.0                     ; 241 MB              ; 00:00:02                           ;
; Assembler                 ; 00:00:01     ; 1.0                     ; 230 MB              ; 00:00:01                           ;
; EDA Netlist Writer        ; 00:00:00     ; 1.0                     ; 185 MB              ; 00:00:01                           ;
; Total                     ; 00:00:10     ; --                      ; --                  ; 00:00:09                           ;
+---------------------------+--------------+-------------------------+---------------------+------------------------------------+


+--------------------------------------------------------------------------------------------+
; Flow OS Summary                                                                            ;
+---------------------------+------------------+---------------+------------+----------------+
; Module Name               ; Machine Hostname ; OS Name       ; OS Version ; Processor type ;
+---------------------------+------------------+---------------+------------+----------------+
; Analysis & Synthesis      ; Ali              ; Windows Vista ; 6.2        ; x86_64         ;
; Fitter                    ; Ali              ; Windows Vista ; 6.2        ; x86_64         ;
; Assembler                 ; Ali              ; Windows Vista ; 6.2        ; x86_64         ;
; TimeQuest Timing Analyzer ; Ali              ; Windows Vista ; 6.2        ; x86_64         ;
; EDA Netlist Writer        ; Ali              ; Windows Vista ; 6.2        ; x86_64         ;
+---------------------------+------------------+---------------+------------+----------------+


------------
; Flow Log ;
------------
quartus_map --read_settings_files=on --write_settings_files=off calculator -c calculator
quartus_fit --read_settings_files=off --write_settings_files=off calculator -c calculator
quartus_asm --read_settings_files=off --write_settings_files=off calculator -c calculator
quartus_sta calculator -c calculator
quartus_eda --read_settings_files=off --write_settings_files=off calculator -c calculator



