Analysis & Synthesis report for calculator
Tue May 31 14:18:24 2016
Quartus II Version 9.1 Build 350 03/24/2010 Service Pack 2 SJ Web Edition


---------------------
; Table of Contents ;
---------------------
  1. Legal Notice
  2. Analysis & Synthesis Summary
  3. Analysis & Synthesis Settings
  4. Parallel Compilation
  5. Analysis & Synthesis Source Files Read
  6. Analysis & Synthesis Resource Usage Summary
  7. Analysis & Synthesis Resource Utilization by Entity
  8. User-Specified and Inferred Latches
  9. General Register Statistics
 10. Inverted Register Statistics
 11. Multiplexer Restructuring Statistics (Restructuring Performed)
 12. Analysis & Synthesis Messages



----------------
; Legal Notice ;
----------------
Copyright (C) 1991-2010 Altera Corporation
Your use of Altera Corporation's design tools, logic functions 
and other software and tools, and its AMPP partner logic 
functions, and any output files from any of the foregoing 
(including device programming or simulation files), and any 
associated documentation or information are expressly subject 
to the terms and conditions of the Altera Program License 
Subscription Agreement, Altera MegaCore Function License 
Agreement, or other applicable license agreement, including, 
without limitation, that your use is for the sole purpose of 
programming logic devices manufactured by Altera and sold by 
Altera or its authorized distributors.  Please refer to the 
applicable agreement for further details.



+-----------------------------------------------------------------------------------+
; Analysis & Synthesis Summary                                                      ;
+------------------------------------+----------------------------------------------+
; Analysis & Synthesis Status        ; Successful - Tue May 31 14:18:24 2016        ;
; Quartus II Version                 ; 9.1 Build 350 03/24/2010 SP 2 SJ Web Edition ;
; Revision Name                      ; calculator                                   ;
; Top-level Entity Name              ; Fsmanddatapath                               ;
; Family                             ; Cyclone III                                  ;
; Total logic elements               ; 105                                          ;
;     Total combinational functions  ; 105                                          ;
;     Dedicated logic registers      ; 13                                           ;
; Total registers                    ; 13                                           ;
; Total pins                         ; 19                                           ;
; Total virtual pins                 ; 0                                            ;
; Total memory bits                  ; 0                                            ;
; Embedded Multiplier 9-bit elements ; 0                                            ;
; Total PLLs                         ; 0                                            ;
+------------------------------------+----------------------------------------------+


+----------------------------------------------------------------------------------------------------------------------+
; Analysis & Synthesis Settings                                                                                        ;
+----------------------------------------------------------------------------+--------------------+--------------------+
; Option                                                                     ; Setting            ; Default Value      ;
+----------------------------------------------------------------------------+--------------------+--------------------+
; Device                                                                     ; EP3C16F484C6       ;                    ;
; Top-level entity name                                                      ; Fsmanddatapath     ; calculator         ;
; Family name                                                                ; Cyclone III        ; Stratix II         ;
; Type of Retiming Performed During Resynthesis                              ; Full               ;                    ;
; Resynthesis Optimization Effort                                            ; Normal             ;                    ;
; Physical Synthesis Level for Resynthesis                                   ; Normal             ;                    ;
; Use Generated Physical Constraints File                                    ; Off                ;                    ;
; Use smart compilation                                                      ; Off                ; Off                ;
; Enable parallel Assembler and TimeQuest Timing Analyzer during compilation ; On                 ; On                 ;
; Enable compact report table                                                ; Off                ; Off                ;
; Restructure Multiplexers                                                   ; Auto               ; Auto               ;
; Create Debugging Nodes for IP Cores                                        ; Off                ; Off                ;
; Preserve fewer node names                                                  ; On                 ; On                 ;
; Disable OpenCore Plus hardware evaluation                                  ; Off                ; Off                ;
; Verilog Version                                                            ; Verilog_2001       ; Verilog_2001       ;
; VHDL Version                                                               ; VHDL_1993          ; VHDL_1993          ;
; State Machine Processing                                                   ; Auto               ; Auto               ;
; Safe State Machine                                                         ; Off                ; Off                ;
; Extract Verilog State Machines                                             ; On                 ; On                 ;
; Extract VHDL State Machines                                                ; On                 ; On                 ;
; Ignore Verilog initial constructs                                          ; Off                ; Off                ;
; Iteration limit for constant Verilog loops                                 ; 5000               ; 5000               ;
; Iteration limit for non-constant Verilog loops                             ; 250                ; 250                ;
; Add Pass-Through Logic to Inferred RAMs                                    ; On                 ; On                 ;
; Parallel Synthesis                                                         ; On                 ; On                 ;
; DSP Block Balancing                                                        ; Auto               ; Auto               ;
; NOT Gate Push-Back                                                         ; On                 ; On                 ;
; Power-Up Don't Care                                                        ; On                 ; On                 ;
; Remove Redundant Logic Cells                                               ; Off                ; Off                ;
; Remove Duplicate Registers                                                 ; On                 ; On                 ;
; Ignore CARRY Buffers                                                       ; Off                ; Off                ;
; Ignore CASCADE Buffers                                                     ; Off                ; Off                ;
; Ignore GLOBAL Buffers                                                      ; Off                ; Off                ;
; Ignore ROW GLOBAL Buffers                                                  ; Off                ; Off                ;
; Ignore LCELL Buffers                                                       ; Off                ; Off                ;
; Ignore SOFT Buffers                                                        ; On                 ; On                 ;
; Limit AHDL Integers to 32 Bits                                             ; Off                ; Off                ;
; Optimization Technique                                                     ; Balanced           ; Balanced           ;
; Carry Chain Length                                                         ; 70                 ; 70                 ;
; Auto Carry Chains                                                          ; On                 ; On                 ;
; Auto Open-Drain Pins                                                       ; On                 ; On                 ;
; Perform WYSIWYG Primitive Resynthesis                                      ; Off                ; Off                ;
; Auto ROM Replacement                                                       ; On                 ; On                 ;
; Auto RAM Replacement                                                       ; On                 ; On                 ;
; Auto DSP Block Replacement                                                 ; On                 ; On                 ;
; Auto Shift Register Replacement                                            ; Auto               ; Auto               ;
; Auto Clock Enable Replacement                                              ; On                 ; On                 ;
; Strict RAM Replacement                                                     ; Off                ; Off                ;
; Allow Synchronous Control Signals                                          ; On                 ; On                 ;
; Force Use of Synchronous Clear Signals                                     ; Off                ; Off                ;
; Auto RAM Block Balancing                                                   ; On                 ; On                 ;
; Auto RAM to Logic Cell Conversion                                          ; Off                ; Off                ;
; Auto Resource Sharing                                                      ; Off                ; Off                ;
; Allow Any RAM Size For Recognition                                         ; Off                ; Off                ;
; Allow Any ROM Size For Recognition                                         ; Off                ; Off                ;
; Allow Any Shift Register Size For Recognition                              ; Off                ; Off                ;
; Use LogicLock Constraints during Resource Balancing                        ; On                 ; On                 ;
; Ignore translate_off and synthesis_off directives                          ; Off                ; Off                ;
; Timing-Driven Synthesis                                                    ; On                 ; On                 ;
; Show Parameter Settings Tables in Synthesis Report                         ; On                 ; On                 ;
; Ignore Maximum Fan-Out Assignments                                         ; Off                ; Off                ;
; Synchronization Register Chain Length                                      ; 2                  ; 2                  ;
; PowerPlay Power Optimization                                               ; Normal compilation ; Normal compilation ;
; HDL message level                                                          ; Level2             ; Level2             ;
; Suppress Register Optimization Related Messages                            ; Off                ; Off                ;
; Number of Removed Registers Reported in Synthesis Report                   ; 5000               ; 5000               ;
; Number of Inverted Registers Reported in Synthesis Report                  ; 100                ; 100                ;
; Clock MUX Protection                                                       ; On                 ; On                 ;
; Auto Gated Clock Conversion                                                ; Off                ; Off                ;
; Block Design Naming                                                        ; Auto               ; Auto               ;
; SDC constraint protection                                                  ; Off                ; Off                ;
; Synthesis Effort                                                           ; Auto               ; Auto               ;
; Shift Register Replacement - Allow Asynchronous Clear Signal               ; On                 ; On                 ;
; Analysis & Synthesis Message Level                                         ; Medium             ; Medium             ;
; Disable Register Merging Across Hierarchies                                ; Auto               ; Auto               ;
; Resource Aware Inference For Block RAM                                     ; On                 ; On                 ;
+----------------------------------------------------------------------------+--------------------+--------------------+


Parallel compilation was disabled, but you have multiple processors available. Enable parallel compilation to reduce compilation time.
+-------------------------------------+
; Parallel Compilation                ;
+----------------------------+--------+
; Processors                 ; Number ;
+----------------------------+--------+
; Number detected on machine ; 4      ;
; Maximum allowed            ; 1      ;
+----------------------------+--------+


+--------------------------------------------------------------------------------------------------------------------------------------------------------------------+
; Analysis & Synthesis Source Files Read                                                                                                                             ;
+----------------------------------+-----------------+------------------------------------+--------------------------------------------------------------------------+
; File Name with User-Entered Path ; Used in Netlist ; File Type                          ; File Name with Absolute Path                                             ;
+----------------------------------+-----------------+------------------------------------+--------------------------------------------------------------------------+
; datapath.bdf                     ; yes             ; User Block Diagram/Schematic File  ; C:/Users/AliPC/Desktop/CNG 232/Lab/LabFinal/lab final/datapath.bdf       ;
; ALU.vhd                          ; yes             ; User VHDL File                     ; C:/Users/AliPC/Desktop/CNG 232/Lab/LabFinal/lab final/ALU.vhd            ;
; REG.vhd                          ; yes             ; User VHDL File                     ; C:/Users/AliPC/Desktop/CNG 232/Lab/LabFinal/lab final/REG.vhd            ;
; MUX.vhd                          ; yes             ; User VHDL File                     ; C:/Users/AliPC/Desktop/CNG 232/Lab/LabFinal/lab final/MUX.vhd            ;
; FSM.vhd                          ; yes             ; User VHDL File                     ; C:/Users/AliPC/Desktop/CNG 232/Lab/LabFinal/lab final/FSM.vhd            ;
; twoto1mux.vhd                    ; yes             ; User VHDL File                     ; C:/Users/AliPC/Desktop/CNG 232/Lab/LabFinal/lab final/twoto1mux.vhd      ;
; segmentDecoder.vhd               ; yes             ; User VHDL File                     ; C:/Users/AliPC/Desktop/CNG 232/Lab/LabFinal/lab final/segmentDecoder.vhd ;
; onebit2to1mux.vhd                ; yes             ; User VHDL File                     ; C:/Users/AliPC/Desktop/CNG 232/Lab/LabFinal/lab final/onebit2to1mux.vhd  ;
; Fsmanddatapath.bdf               ; yes             ; User Block Diagram/Schematic File  ; C:/Users/AliPC/Desktop/CNG 232/Lab/LabFinal/lab final/Fsmanddatapath.bdf ;
+----------------------------------+-----------------+------------------------------------+--------------------------------------------------------------------------+


+------------------------------------------------------------------+
; Analysis & Synthesis Resource Usage Summary                      ;
+---------------------------------------------+--------------------+
; Resource                                    ; Usage              ;
+---------------------------------------------+--------------------+
; Estimated Total logic elements              ; 105                ;
;                                             ;                    ;
; Total combinational functions               ; 105                ;
; Logic element usage by number of LUT inputs ;                    ;
;     -- 4 input functions                    ; 47                 ;
;     -- 3 input functions                    ; 33                 ;
;     -- <=2 input functions                  ; 25                 ;
;                                             ;                    ;
; Logic elements by mode                      ;                    ;
;     -- normal mode                          ; 97                 ;
;     -- arithmetic mode                      ; 8                  ;
;                                             ;                    ;
; Total registers                             ; 13                 ;
;     -- Dedicated logic registers            ; 13                 ;
;     -- I/O registers                        ; 0                  ;
;                                             ;                    ;
; I/O pins                                    ; 19                 ;
; Maximum fan-out node                        ; FSM:inst1|ALUop[0] ;
; Maximum fan-out                             ; 16                 ;
; Total fan-out                               ; 411                ;
; Average fan-out                             ; 2.63               ;
+---------------------------------------------+--------------------+


+-------------------------------------------------------------------------------------------------------------------------------------------------------------------------------------------------+
; Analysis & Synthesis Resource Utilization by Entity                                                                                                                                             ;
+----------------------------+-------------------+--------------+-------------+--------------+---------+-----------+------+--------------+-----------------------------------------+--------------+
; Compilation Hierarchy Node ; LC Combinationals ; LC Registers ; Memory Bits ; DSP Elements ; DSP 9x9 ; DSP 18x18 ; Pins ; Virtual Pins ; Full Hierarchy Name                     ; Library Name ;
+----------------------------+-------------------+--------------+-------------+--------------+---------+-----------+------+--------------+-----------------------------------------+--------------+
; |Fsmanddatapath            ; 105 (0)           ; 13 (0)       ; 0           ; 0            ; 0       ; 0         ; 19   ; 0            ; |Fsmanddatapath                         ; work         ;
;    |FSM:inst1|             ; 36 (36)           ; 5 (5)        ; 0           ; 0            ; 0       ; 0         ; 0    ; 0            ; |Fsmanddatapath|FSM:inst1               ; work         ;
;    |datapath:inst|         ; 56 (0)            ; 8 (0)        ; 0           ; 0            ; 0       ; 0         ; 0    ; 0            ; |Fsmanddatapath|datapath:inst           ; work         ;
;       |ALU:inst1|          ; 38 (38)           ; 0 (0)        ; 0           ; 0            ; 0       ; 0         ; 0    ; 0            ; |Fsmanddatapath|datapath:inst|ALU:inst1 ; work         ;
;       |REG:REGA|           ; 0 (0)             ; 4 (4)        ; 0           ; 0            ; 0       ; 0         ; 0    ; 0            ; |Fsmanddatapath|datapath:inst|REG:REGA  ; work         ;
;       |REG:REGB|           ; 2 (2)             ; 4 (4)        ; 0           ; 0            ; 0       ; 0         ; 0    ; 0            ; |Fsmanddatapath|datapath:inst|REG:REGB  ; work         ;
;       |mux:inst3|          ; 16 (16)           ; 0 (0)        ; 0           ; 0            ; 0       ; 0         ; 0    ; 0            ; |Fsmanddatapath|datapath:inst|mux:inst3 ; work         ;
;    |onebit2to1mux:inst5|   ; 2 (2)             ; 0 (0)        ; 0           ; 0            ; 0       ; 0         ; 0    ; 0            ; |Fsmanddatapath|onebit2to1mux:inst5     ;              ;
;    |segmentDecoder:inst12| ; 7 (7)             ; 0 (0)        ; 0           ; 0            ; 0       ; 0         ; 0    ; 0            ; |Fsmanddatapath|segmentDecoder:inst12   ; work         ;
;    |twoto1mux:inst4|       ; 4 (4)             ; 0 (0)        ; 0           ; 0            ; 0       ; 0         ; 0    ; 0            ; |Fsmanddatapath|twoto1mux:inst4         ; work         ;
+----------------------------+-------------------+--------------+-------------+--------------+---------+-----------+------+--------------+-----------------------------------------+--------------+
Note: For table entries with two numbers listed, the numbers in parentheses indicate the number of resources of the given type used by the specific entity alone. The numbers listed outside of parentheses indicate the total resources of the given type used by the specific entity and all of its sub-entities in the hierarchy.


+----------------------------------------------------------------------------------------------------+
; User-Specified and Inferred Latches                                                                ;
+-----------------------------------------------------+---------------------+------------------------+
; Latch Name                                          ; Latch Enable Signal ; Free of Timing Hazards ;
+-----------------------------------------------------+---------------------+------------------------+
; FSM:inst1|out_state[0]                              ; FSM:inst1|Mux1      ; yes                    ;
; FSM:inst1|out_state[1]                              ; FSM:inst1|Mux1      ; yes                    ;
; FSM:inst1|out_state[2]                              ; FSM:inst1|Mux1      ; yes                    ;
; FSM:inst1|ALUop[1]                                  ; FSM:inst1|Mux1      ; yes                    ;
; FSM:inst1|ALUop[0]                                  ; FSM:inst1|Mux1      ; yes                    ;
; FSM:inst1|ALUop[2]                                  ; FSM:inst1|Mux1      ; yes                    ;
; FSM:inst1|Input_Select[0]                           ; FSM:inst1|Mux1      ; yes                    ;
; FSM:inst1|Input_Select[1]                           ; FSM:inst1|Mux1      ; yes                    ;
; FSM:inst1|Input_Select[2]                           ; FSM:inst1|Mux1      ; yes                    ;
; FSM:inst1|Cin                                       ; FSM:inst1|Mux1      ; yes                    ;
; FSM:inst1|Reset                                     ; FSM:inst1|Mux1      ; yes                    ;
; FSM:inst1|Load_B                                    ; FSM:inst1|Mux1      ; yes                    ;
; FSM:inst1|Load_A                                    ; FSM:inst1|Mux1      ; yes                    ;
; Number of user-specified and inferred latches = 13  ;                     ;                        ;
+-----------------------------------------------------+---------------------+------------------------+
Note: All latches listed above may not be present at the end of synthesis due to various synthesis optimizations.


+------------------------------------------------------+
; General Register Statistics                          ;
+----------------------------------------------+-------+
; Statistic                                    ; Value ;
+----------------------------------------------+-------+
; Total registers                              ; 13    ;
; Number of registers using Synchronous Clear  ; 0     ;
; Number of registers using Synchronous Load   ; 0     ;
; Number of registers using Asynchronous Clear ; 13    ;
; Number of registers using Asynchronous Load  ; 0     ;
; Number of registers using Clock Enable       ; 8     ;
; Number of registers using Preset             ; 0     ;
+----------------------------------------------+-------+


+--------------------------------------------------+
; Inverted Register Statistics                     ;
+----------------------------------------+---------+
; Inverted Register                      ; Fan out ;
+----------------------------------------+---------+
; FSM:inst1|presentState[4]              ; 4       ;
; Total number of inverted registers = 1 ;         ;
+----------------------------------------+---------+


+------------------------------------------------------------------------------------------------------------------------------------------------------------+
; Multiplexer Restructuring Statistics (Restructuring Performed)                                                                                             ;
+--------------------+-----------+---------------+----------------------+------------------------+------------+----------------------------------------------+
; Multiplexer Inputs ; Bus Width ; Baseline Area ; Area if Restructured ; Saving if Restructured ; Registered ; Example Multiplexer Output                   ;
+--------------------+-----------+---------------+----------------------+------------------------+------------+----------------------------------------------+
; 8:1                ; 4 bits    ; 20 LEs        ; 16 LEs               ; 4 LEs                  ; Yes        ; |Fsmanddatapath|datapath:inst|REG:REGB|Q[1]  ;
; 8:1                ; 4 bits    ; 20 LEs        ; 16 LEs               ; 4 LEs                  ; No         ; |Fsmanddatapath|datapath:inst|mux:inst3|Mux0 ;
; 5:1                ; 3 bits    ; 9 LEs         ; 3 LEs                ; 6 LEs                  ; No         ; |Fsmanddatapath|FSM:inst1|Mux2               ;
; 6:1                ; 2 bits    ; 8 LEs         ; 2 LEs                ; 6 LEs                  ; No         ; |Fsmanddatapath|FSM:inst1|Mux12              ;
; 8:1                ; 2 bits    ; 10 LEs        ; 6 LEs                ; 4 LEs                  ; No         ; |Fsmanddatapath|FSM:inst1|Mux14              ;
+--------------------+-----------+---------------+----------------------+------------------------+------------+----------------------------------------------+


+-------------------------------+
; Analysis & Synthesis Messages ;
+-------------------------------+
Info: *******************************************************************
Info: Running Quartus II Analysis & Synthesis
    Info: Version 9.1 Build 350 03/24/2010 Service Pack 2 SJ Web Edition
    Info: Processing started: Tue May 31 14:18:21 2016
Info: Command: quartus_map --read_settings_files=on --write_settings_files=off calculator -c calculator
Info: Found 2 design units, including 1 entities, in source file testbench.vhd
    Info: Found design unit 1: TestBench-Behavioral
    Info: Found entity 1: TestBench
Info: Found 1 design units, including 1 entities, in source file datapath.bdf
    Info: Found entity 1: datapath
Info: Found 2 design units, including 1 entities, in source file alu.vhd
    Info: Found design unit 1: ALU-Behavioral
    Info: Found entity 1: ALU
Info: Found 2 design units, including 1 entities, in source file reg.vhd
    Info: Found design unit 1: REG-Behavior
    Info: Found entity 1: REG
Warning: Entity "mux" obtained from "C:/Users/AliPC/Desktop/CNG 232/Lab/LabFinal/lab final/MUX.vhd" instead of from Quartus II megafunction library
Info: Found 2 design units, including 1 entities, in source file mux.vhd
    Info: Found design unit 1: mux-behavior
    Info: Found entity 1: mux
Info: Found 2 design units, including 1 entities, in source file fsm.vhd
    Info: Found design unit 1: FSM-Behavior
    Info: Found entity 1: FSM
Info: Found 2 design units, including 1 entities, in source file twoto1mux.vhd
    Info: Found design unit 1: twoto1mux-behavior
    Info: Found entity 1: twoto1mux
Info: Found 2 design units, including 1 entities, in source file segmentdecoder.vhd
    Info: Found design unit 1: segmentDecoder-Beh
    Info: Found entity 1: segmentDecoder
Info: Found 2 design units, including 1 entities, in source file onebit2to1mux.vhd
    Info: Found design unit 1: onebit2to1mux-be
    Info: Found entity 1: onebit2to1mux
Info: Found 1 design units, including 1 entities, in source file fsmanddatapath.bdf
    Info: Found entity 1: Fsmanddatapath
Info: Elaborating entity "Fsmanddatapath" for the top level hierarchy
Info: Elaborating entity "onebit2to1mux" for hierarchy "onebit2to1mux:inst5"
Info: Elaborating entity "datapath" for hierarchy "datapath:inst"
Info: Elaborating entity "ALU" for hierarchy "datapath:inst|ALU:inst1"
Info: Elaborating entity "mux" for hierarchy "datapath:inst|mux:inst3"
Info: Elaborating entity "REG" for hierarchy "datapath:inst|REG:REGA"
Info: Elaborating entity "FSM" for hierarchy "FSM:inst1"
Warning (10492): VHDL Process Statement warning at FSM.vhd(27): signal "run" is read inside the Process Statement but isn't in the Process Statement's sensitivity list
Warning (10492): VHDL Process Statement warning at FSM.vhd(41): signal "run" is read inside the Process Statement but isn't in the Process Statement's sensitivity list
Warning (10492): VHDL Process Statement warning at FSM.vhd(54): signal "run" is read inside the Process Statement but isn't in the Process Statement's sensitivity list
Warning (10492): VHDL Process Statement warning at FSM.vhd(67): signal "run" is read inside the Process Statement but isn't in the Process Statement's sensitivity list
Warning (10492): VHDL Process Statement warning at FSM.vhd(81): signal "run" is read inside the Process Statement but isn't in the Process Statement's sensitivity list
Warning (10492): VHDL Process Statement warning at FSM.vhd(94): signal "run" is read inside the Process Statement but isn't in the Process Statement's sensitivity list
Warning (10492): VHDL Process Statement warning at FSM.vhd(107): signal "run" is read inside the Process Statement but isn't in the Process Statement's sensitivity list
Warning (10492): VHDL Process Statement warning at FSM.vhd(120): signal "run" is read inside the Process Statement but isn't in the Process Statement's sensitivity list
Warning (10492): VHDL Process Statement warning at FSM.vhd(133): signal "run" is read inside the Process Statement but isn't in the Process Statement's sensitivity list
Warning (10492): VHDL Process Statement warning at FSM.vhd(146): signal "run" is read inside the Process Statement but isn't in the Process Statement's sensitivity list
Warning (10492): VHDL Process Statement warning at FSM.vhd(159): signal "run" is read inside the Process Statement but isn't in the Process Statement's sensitivity list
Warning (10492): VHDL Process Statement warning at FSM.vhd(172): signal "run" is read inside the Process Statement but isn't in the Process Statement's sensitivity list
Warning (10492): VHDL Process Statement warning at FSM.vhd(185): signal "run" is read inside the Process Statement but isn't in the Process Statement's sensitivity list
Warning (10631): VHDL Process Statement warning at FSM.vhd(21): inferring latch(es) for signal or variable "out_state", which holds its previous value in one or more paths through the process
Warning (10631): VHDL Process Statement warning at FSM.vhd(21): inferring latch(es) for signal or variable "Input_Select", which holds its previous value in one or more paths through the process
Warning (10631): VHDL Process Statement warning at FSM.vhd(21): inferring latch(es) for signal or variable "Load_A", which holds its previous value in one or more paths through the process
Warning (10631): VHDL Process Statement warning at FSM.vhd(21): inferring latch(es) for signal or variable "Load_B", which holds its previous value in one or more paths through the process
Warning (10631): VHDL Process Statement warning at FSM.vhd(21): inferring latch(es) for signal or variable "Cin", which holds its previous value in one or more paths through the process
Warning (10631): VHDL Process Statement warning at FSM.vhd(21): inferring latch(es) for signal or variable "ALUop", which holds its previous value in one or more paths through the process
Warning (10631): VHDL Process Statement warning at FSM.vhd(21): inferring latch(es) for signal or variable "Reset", which holds its previous value in one or more paths through the process
Info (10041): Inferred latch for "Reset" at FSM.vhd(21)
Info (10041): Inferred latch for "ALUop[0]" at FSM.vhd(21)
Info (10041): Inferred latch for "ALUop[1]" at FSM.vhd(21)
Info (10041): Inferred latch for "ALUop[2]" at FSM.vhd(21)
Info (10041): Inferred latch for "Cin" at FSM.vhd(21)
Info (10041): Inferred latch for "Load_B" at FSM.vhd(21)
Info (10041): Inferred latch for "Load_A" at FSM.vhd(21)
Info (10041): Inferred latch for "Input_Select[0]" at FSM.vhd(21)
Info (10041): Inferred latch for "Input_Select[1]" at FSM.vhd(21)
Info (10041): Inferred latch for "Input_Select[2]" at FSM.vhd(21)
Info (10041): Inferred latch for "out_state[0]" at FSM.vhd(21)
Info (10041): Inferred latch for "out_state[1]" at FSM.vhd(21)
Info (10041): Inferred latch for "out_state[2]" at FSM.vhd(21)
Info (10041): Inferred latch for "out_state[3]" at FSM.vhd(21)
Info: Elaborating entity "segmentDecoder" for hierarchy "segmentDecoder:inst12"
Info: Elaborating entity "twoto1mux" for hierarchy "twoto1mux:inst4"
Info: Duplicate LATCH primitives merged into single LATCH primitive
    Info: Duplicate LATCH primitive "FSM:inst1|Cin" merged with LATCH primitive "FSM:inst1|ALUop[1]"
Warning: Latch FSM:inst1|out_state[0] has unsafe behavior
    Warning: Ports D and ENA on the latch are fed by the same signal FSM:inst1|presentState[3]
Warning: Latch FSM:inst1|out_state[1] has unsafe behavior
    Warning: Ports D and ENA on the latch are fed by the same signal FSM:inst1|presentState[2]
Warning: Latch FSM:inst1|out_state[2] has unsafe behavior
    Warning: Ports D and ENA on the latch are fed by the same signal FSM:inst1|presentState[0]
Warning: Latch FSM:inst1|ALUop[1] has unsafe behavior
    Warning: Ports D and ENA on the latch are fed by the same signal FSM:inst1|presentState[0]
Warning: Latch FSM:inst1|ALUop[0] has unsafe behavior
    Warning: Ports D and ENA on the latch are fed by the same signal FSM:inst1|presentState[0]
Warning: Latch FSM:inst1|ALUop[2] has unsafe behavior
    Warning: Ports D and ENA on the latch are fed by the same signal FSM:inst1|presentState[0]
Warning: Latch FSM:inst1|Input_Select[0] has unsafe behavior
    Warning: Ports D and ENA on the latch are fed by the same signal FSM:inst1|presentState[0]
Warning: Latch FSM:inst1|Input_Select[1] has unsafe behavior
    Warning: Ports D and ENA on the latch are fed by the same signal FSM:inst1|presentState[0]
Warning: Latch FSM:inst1|Input_Select[2] has unsafe behavior
    Warning: Ports D and ENA on the latch are fed by the same signal FSM:inst1|presentState[0]
Warning: Latch FSM:inst1|Reset has unsafe behavior
    Warning: Ports D and ENA on the latch are fed by the same signal FSM:inst1|presentState[0]
Warning: Latch FSM:inst1|Load_B has unsafe behavior
    Warning: Ports D and ENA on the latch are fed by the same signal FSM:inst1|presentState[0]
Warning: Latch FSM:inst1|Load_A has unsafe behavior
    Warning: Ports D and ENA on the latch are fed by the same signal FSM:inst1|presentState[0]
Info: Registers with preset signals will power-up high
Info: DEV_CLRn pin will set, and not reset, register with preset signal due to NOT Gate Push-Back
Info: Timing-Driven Synthesis is running
Info: Implemented 128 device resources after synthesis - the final resource count might be different
    Info: Implemented 11 input pins
    Info: Implemented 8 output pins
    Info: Implemented 109 logic cells
Info: Quartus II Analysis & Synthesis was successful. 0 errors, 45 warnings
    Info: Peak virtual memory: 242 megabytes
    Info: Processing ended: Tue May 31 14:18:24 2016
    Info: Elapsed time: 00:00:03
    Info: Total CPU time (on all processors): 00:00:02


